[2024-05-01 01:59:23] production.ERROR: Error while reading line from the server. [tcp://127.0.0.1:6379] {"exception":"[object] (Predis\\Connection\\ConnectionException(code: 0): Error while reading line from the server. [tcp://127.0.0.1:6379] at /var/www/html/triethic.icionrecycle.fr/root/vendor/predis/predis/src/Connection/AbstractConnection.php:155)
[stacktrace]
#0 /var/www/html/triethic.icionrecycle.fr/root/vendor/predis/predis/src/Connection/StreamConnection.php(314): Predis\\Connection\\AbstractConnection->onConnectionError()
#1 /var/www/html/triethic.icionrecycle.fr/root/vendor/predis/predis/src/Connection/AbstractConnection.php(120): Predis\\Connection\\StreamConnection->read()
#2 /var/www/html/triethic.icionrecycle.fr/root/vendor/predis/predis/src/Connection/AbstractConnection.php(112): Predis\\Connection\\AbstractConnection->readResponse()
#3 /var/www/html/triethic.icionrecycle.fr/root/vendor/predis/predis/src/Client.php(331): Predis\\Connection\\AbstractConnection->executeCommand()
#4 /var/www/html/triethic.icionrecycle.fr/root/vendor/predis/predis/src/Client.php(313): Predis\\Client->executeCommand()
#5 /var/www/html/triethic.icionrecycle.fr/root/vendor/laravel/framework/src/Illuminate/Redis/Connections/Connection.php(116): Predis\\Client->__call()
#6 /var/www/html/triethic.icionrecycle.fr/root/vendor/laravel/framework/src/Illuminate/Redis/Connections/Connection.php(229): Illuminate\\Redis\\Connections\\Connection->command()
#7 /var/www/html/triethic.icionrecycle.fr/root/vendor/laravel/framework/src/Illuminate/Queue/RedisQueue.php(262): Illuminate\\Redis\\Connections\\Connection->__call()
#8 /var/www/html/triethic.icionrecycle.fr/root/vendor/laravel/framework/src/Illuminate/Queue/RedisQueue.php(246): Illuminate\\Queue\\RedisQueue->migrateExpiredJobs()
#9 /var/www/html/triethic.icionrecycle.fr/root/vendor/laravel/framework/src/Illuminate/Queue/RedisQueue.php(226): Illuminate\\Queue\\RedisQueue->migrate()
#10 /var/www/html/triethic.icionrecycle.fr/root/vendor/laravel/framework/src/Illuminate/Queue/Worker.php(349): Illuminate\\Queue\\RedisQueue->pop()
#11 /var/www/html/triethic.icionrecycle.fr/root/vendor/laravel/framework/src/Illuminate/Queue/Worker.php(363): Illuminate\\Queue\\Worker->Illuminate\\Queue\\{closure}()
#12 /var/www/html/triethic.icionrecycle.fr/root/vendor/laravel/framework/src/Illuminate/Queue/Worker.php(162): Illuminate\\Queue\\Worker->getNextJob()
#13 /var/www/html/triethic.icionrecycle.fr/root/vendor/laravel/framework/src/Illuminate/Queue/Console/WorkCommand.php(139): Illuminate\\Queue\\Worker->daemon()
#14 /var/www/html/triethic.icionrecycle.fr/root/vendor/laravel/framework/src/Illuminate/Queue/Console/WorkCommand.php(122): Illuminate\\Queue\\Console\\WorkCommand->runWorker()
#15 /var/www/html/triethic.icionrecycle.fr/root/vendor/laravel/framework/src/Illuminate/Container/BoundMethod.php(36): Illuminate\\Queue\\Console\\WorkCommand->handle()
#16 /var/www/html/triethic.icionrecycle.fr/root/vendor/laravel/framework/src/Illuminate/Container/Util.php(41): Illuminate\\Container\\BoundMethod::Illuminate\\Container\\{closure}()
#17 /var/www/html/triethic.icionrecycle.fr/root/vendor/laravel/framework/src/Illuminate/Container/BoundMethod.php(93): Illuminate\\Container\\Util::unwrapIfClosure()
#18 /var/www/html/triethic.icionrecycle.fr/root/vendor/laravel/framework/src/Illuminate/Container/BoundMethod.php(35): Illuminate\\Container\\BoundMethod::callBoundMethod()
#19 /var/www/html/triethic.icionrecycle.fr/root/vendor/laravel/framework/src/Illuminate/Container/Container.php(662): Illuminate\\Container\\BoundMethod::call()
#20 /var/www/html/triethic.icionrecycle.fr/root/vendor/laravel/framework/src/Illuminate/Console/Command.php(212): Illuminate\\Container\\Container->call()
#21 /var/www/html/triethic.icionrecycle.fr/root/vendor/symfony/console/Command/Command.php(279): Illuminate\\Console\\Command->execute()
#22 /var/www/html/triethic.icionrecycle.fr/root/vendor/laravel/framework/src/Illuminate/Console/Command.php(181): Symfony\\Component\\Console\\Command\\Command->run()
#23 /var/www/html/triethic.icionrecycle.fr/root/vendor/symfony/console/Application.php(1049): Illuminate\\Console\\Command->run()
#24 /var/www/html/triethic.icionrecycle.fr/root/vendor/symfony/console/Application.php(318): Symfony\\Component\\Console\\Application->doRunCommand()
#25 /var/www/html/triethic.icionrecycle.fr/root/vendor/symfony/console/Application.php(169): Symfony\\Component\\Console\\Application->doRun()
#26 /var/www/html/triethic.icionrecycle.fr/root/vendor/laravel/framework/src/Illuminate/Foundation/Console/Kernel.php(196): Symfony\\Component\\Console\\Application->run()
#27 /var/www/html/triethic.icionrecycle.fr/root/artisan(35): Illuminate\\Foundation\\Console\\Kernel->handle()
#28 {main}
"} 
